Time	Cycle	PC	Insn	Decoded instruction	Register and memory contents
             20	         6	00100080	2d40006f	jal	x0,100354	  x0=0x00000000
             22	         7	00100354	00000093	addi	x1,x0,0	  x0:0x00000000  x1=0x00000000
             24	         8	00100358	8106	c.mv	x2,x1	  x0:0x00000000  x1:0x00000000  x2=0x00000000
             26	         9	0010035a	8186	c.mv	x3,x1	  x0:0x00000000  x1:0x00000000  x3=0x00000000
             28	        10	0010035c	8206	c.mv	x4,x1	  x0:0x00000000  x1:0x00000000  x4=0x00000000
             30	        11	0010035e	8286	c.mv	x5,x1	  x0:0x00000000  x1:0x00000000  x5=0x00000000
             32	        12	00100360	8306	c.mv	x6,x1	  x0:0x00000000  x1:0x00000000  x6=0x00000000
             34	        13	00100362	8386	c.mv	x7,x1	  x0:0x00000000  x1:0x00000000  x7=0x00000000
             36	        14	00100364	8406	c.mv	x8,x1	  x0:0x00000000  x1:0x00000000  x8=0x00000000
             38	        15	00100366	8486	c.mv	x9,x1	  x0:0x00000000  x1:0x00000000  x9=0x00000000
             40	        16	00100368	8506	c.mv	x10,x1	  x0:0x00000000  x1:0x00000000 x10=0x00000000
             42	        17	0010036a	8586	c.mv	x11,x1	  x0:0x00000000  x1:0x00000000 x11=0x00000000
             44	        18	0010036c	8606	c.mv	x12,x1	  x0:0x00000000  x1:0x00000000 x12=0x00000000
             46	        19	0010036e	8686	c.mv	x13,x1	  x0:0x00000000  x1:0x00000000 x13=0x00000000
             48	        20	00100370	8706	c.mv	x14,x1	  x0:0x00000000  x1:0x00000000 x14=0x00000000
             50	        21	00100372	8786	c.mv	x15,x1	  x0:0x00000000  x1:0x00000000 x15=0x00000000
             52	        22	00100374	8806	c.mv	x16,x1	  x0:0x00000000  x1:0x00000000 x16=0x00000000
             54	        23	00100376	8886	c.mv	x17,x1	  x0:0x00000000  x1:0x00000000 x17=0x00000000
             56	        24	00100378	8906	c.mv	x18,x1	  x0:0x00000000  x1:0x00000000 x18=0x00000000
             58	        25	0010037a	8986	c.mv	x19,x1	  x0:0x00000000  x1:0x00000000 x19=0x00000000
             60	        26	0010037c	8a06	c.mv	x20,x1	  x0:0x00000000  x1:0x00000000 x20=0x00000000
             62	        27	0010037e	8a86	c.mv	x21,x1	  x0:0x00000000  x1:0x00000000 x21=0x00000000
             64	        28	00100380	8b06	c.mv	x22,x1	  x0:0x00000000  x1:0x00000000 x22=0x00000000
             66	        29	00100382	8b86	c.mv	x23,x1	  x0:0x00000000  x1:0x00000000 x23=0x00000000
             68	        30	00100384	8c06	c.mv	x24,x1	  x0:0x00000000  x1:0x00000000 x24=0x00000000
             70	        31	00100386	8c86	c.mv	x25,x1	  x0:0x00000000  x1:0x00000000 x25=0x00000000
             72	        32	00100388	8d06	c.mv	x26,x1	  x0:0x00000000  x1:0x00000000 x26=0x00000000
             74	        33	0010038a	8d86	c.mv	x27,x1	  x0:0x00000000  x1:0x00000000 x27=0x00000000
             76	        34	0010038c	8e06	c.mv	x28,x1	  x0:0x00000000  x1:0x00000000 x28=0x00000000
             78	        35	0010038e	8e86	c.mv	x29,x1	  x0:0x00000000  x1:0x00000000 x29=0x00000000
             80	        36	00100390	8f06	c.mv	x30,x1	  x0:0x00000000  x1:0x00000000 x30=0x00000000
             82	        37	00100392	8f86	c.mv	x31,x1	  x0:0x00000000  x1:0x00000000 x31=0x00000000
             84	        38	00100394	00100117	auipc	x2,0x100	  x2=0x00200394
             86	        39	00100398	c6c10113	addi	x2,x2,-916	  x2:0x00200394  x2=0x00200000
             88	        40	0010039c	00000d17	auipc	x26,0x0	 x26=0x0010039c
             90	        41	001003a0	204d0d13	addi	x26,x26,516	 x26:0x0010039c x26=0x001005a0
             92	        42	001003a4	00000d97	auipc	x27,0x0	 x27=0x001003a4
             94	        43	001003a8	20cd8d93	addi	x27,x27,524	 x27:0x001003a4 x27=0x001005b0
             96	        44	001003ac	01bd5763	bge	x26,x27,1003ba	 x26:0x001005a0 x27:0x001005b0  x0=0x00000000
            100	        46	001003b0	000d2023	sw	x0,0(x26)	 x26:0x001005a0  x0:0x00000000 PA:0x001005a0 store:0x00000000 load:0x00000000
            102	        47	001003b4	0d11	c.addi	x26,4	 x26:0x001005a0 x26=0x001005a4
            106	        49	001003b6	ffaddde3	bge	x27,x26,1003b0	 x27:0x001005b0 x26:0x001005a4  x0=0x00000000
            112	        52	001003b0	000d2023	sw	x0,0(x26)	 x26:0x001005a4  x0:0x00000000 PA:0x001005a4 store:0x00000000 load:0x00000000
            114	        53	001003b4	0d11	c.addi	x26,4	 x26:0x001005a4 x26=0x001005a8
            118	        55	001003b6	ffaddde3	bge	x27,x26,1003b0	 x27:0x001005b0 x26:0x001005a8  x0=0x00000000
            124	        58	001003b0	000d2023	sw	x0,0(x26)	 x26:0x001005a8  x0:0x00000000 PA:0x001005a8 store:0x00000000 load:0x00000000
            126	        59	001003b4	0d11	c.addi	x26,4	 x26:0x001005a8 x26=0x001005ac
            130	        61	001003b6	ffaddde3	bge	x27,x26,1003b0	 x27:0x001005b0 x26:0x001005ac  x0=0x00000000
            136	        64	001003b0	000d2023	sw	x0,0(x26)	 x26:0x001005ac  x0:0x00000000 PA:0x001005ac store:0x00000000 load:0x00000000
            138	        65	001003b4	0d11	c.addi	x26,4	 x26:0x001005ac x26=0x001005b0
            142	        67	001003b6	ffaddde3	bge	x27,x26,1003b0	 x27:0x001005b0 x26:0x001005b0  x0=0x00000000
            148	        70	001003b0	000d2023	sw	x0,0(x26)	 x26:0x001005b0  x0:0x00000000 PA:0x001005b0 store:0x00000000 load:0x00000000
            150	        71	001003b4	0d11	c.addi	x26,4	 x26:0x001005b0 x26=0x001005b4
            152	        72	001003b6	ffaddde3	bge	x27,x26,1003b0	 x27:0x001005b0 x26:0x001005b4  x0=0x00000000
            154	        73	001003ba	00000513	addi	x10,x0,0	  x0:0x00000000 x10=0x00000000
            158	        75	001003be	00000593	addi	x11,x0,0	  x0:0x00000000 x11=0x00000000
            162	        77	001003c2	016000ef	jal	x1,1003d8	  x1=0x001003c6
            164	        78	001003d8	1141	c.addi	x2,-16	  x2:0x00200000  x2=0x001ffff0
            166	        79	001003da	600007b7	lui	x15,0x60000	 x15=0x60000000
            170	        81	001003de	c606	c.swsp	x1,12(x2)	  x2:0x001ffff0  x1:0x001003c6 PA:0x001ffffc store:0x001003c6 load:0x00000000
            174	        83	001003e0	c422	c.swsp	x8,8(x2)	  x2:0x001ffff0  x8:0x00000000 PA:0x001ffff8 store:0x00000000 load:0x00000000
            178	        85	001003e2	c226	c.swsp	x9,4(x2)	  x2:0x001ffff0  x9:0x00000000 PA:0x001ffff4 store:0x00000000 load:0x00000000
            180	        86	001003e4	00040437	lui	x8,0x40	  x8=0x00040000
            182	        87	001003e8	07a1	c.addi	x15,8	 x15:0x60000000 x15=0x60000008
            188	        90	001003ea	c01c	c.sw	x15,0(x8)	  x8:0x00040000 x15:0x60000008 PA:0x00040000 store:0x60000008 load:0x00000000
            190	        91	001003ec	700107b7	lui	x15,0x70010	 x15=0x70010000
            192	        92	001003f0	17fd	c.addi	x15,-1	 x15:0x70010000 x15=0x7000ffff
            198	        95	001003f2	c01c	c.sw	x15,0(x8)	  x8:0x00040000 x15:0x7000ffff PA:0x00040000 store:0x7000ffff load:0x00000000
            200	        96	001003f4	701107b7	lui	x15,0x70110	 x15=0x70110000
            202	        97	001003f8	17fd	c.addi	x15,-1	 x15:0x70110000 x15=0x7010ffff
            208	       100	001003fa	c01c	c.sw	x15,0(x8)	  x8:0x00040000 x15:0x7010ffff PA:0x00040000 store:0x7010ffff load:0x00000000
            210	       101	001003fc	702107b7	lui	x15,0x70210	 x15=0x70210000
            212	       102	00100400	17fd	c.addi	x15,-1	 x15:0x70210000 x15=0x7020ffff
            218	       105	00100402	c01c	c.sw	x15,0(x8)	  x8:0x00040000 x15:0x7020ffff PA:0x00040000 store:0x7020ffff load:0x00000000
            220	       106	00100404	703107b7	lui	x15,0x70310	 x15=0x70310000
            222	       107	00100408	17fd	c.addi	x15,-1	 x15:0x70310000 x15=0x7030ffff
            228	       110	0010040a	c01c	c.sw	x15,0(x8)	  x8:0x00040000 x15:0x7030ffff PA:0x00040000 store:0x7030ffff load:0x00000000
            230	       111	0010040c	704027b7	lui	x15,0x70402	 x15=0x70402000
            232	       112	00100410	22278793	addi	x15,x15,546	 x15:0x70402000 x15=0x70402222
            238	       115	00100414	c01c	c.sw	x15,0(x8)	  x8:0x00040000 x15:0x70402222 PA:0x00040000 store:0x70402222 load:0x00000000
            240	       116	00100416	705027b7	lui	x15,0x70502	 x15=0x70502000
            242	       117	0010041a	22278793	addi	x15,x15,546	 x15:0x70502000 x15=0x70502222
            248	       120	0010041e	c01c	c.sw	x15,0(x8)	  x8:0x00040000 x15:0x70502222 PA:0x00040000 store:0x70502222 load:0x00000000
            250	       121	00100420	706027b7	lui	x15,0x70602	 x15=0x70602000
            252	       122	00100424	22278793	addi	x15,x15,546	 x15:0x70602000 x15=0x70602222
            258	       125	00100428	c01c	c.sw	x15,0(x8)	  x8:0x00040000 x15:0x70602222 PA:0x00040000 store:0x70602222 load:0x00000000
            260	       126	0010042a	707027b7	lui	x15,0x70702	 x15=0x70702000
            262	       127	0010042e	22278793	addi	x15,x15,546	 x15:0x70702000 x15=0x70702222
            268	       130	00100432	c01c	c.sw	x15,0(x8)	  x8:0x00040000 x15:0x70702222 PA:0x00040000 store:0x70702222 load:0x00000000
            270	       131	00100434	708037b7	lui	x15,0x70803	 x15=0x70803000
            272	       132	00100438	33378793	addi	x15,x15,819	 x15:0x70803000 x15=0x70803333
            278	       135	0010043c	c01c	c.sw	x15,0(x8)	  x8:0x00040000 x15:0x70803333 PA:0x00040000 store:0x70803333 load:0x00000000
            280	       136	0010043e	709037b7	lui	x15,0x70903	 x15=0x70903000
            282	       137	00100442	33378793	addi	x15,x15,819	 x15:0x70903000 x15=0x70903333
            288	       140	00100446	c01c	c.sw	x15,0(x8)	  x8:0x00040000 x15:0x70903333 PA:0x00040000 store:0x70903333 load:0x00000000
            290	       141	00100448	70a037b7	lui	x15,0x70a03	 x15=0x70a03000
            292	       142	0010044c	33378793	addi	x15,x15,819	 x15:0x70a03000 x15=0x70a03333
            298	       145	00100450	c01c	c.sw	x15,0(x8)	  x8:0x00040000 x15:0x70a03333 PA:0x00040000 store:0x70a03333 load:0x00000000
            300	       146	00100452	70b037b7	lui	x15,0x70b03	 x15=0x70b03000
            302	       147	00100456	33378793	addi	x15,x15,819	 x15:0x70b03000 x15=0x70b03333
            308	       150	0010045a	c01c	c.sw	x15,0(x8)	  x8:0x00040000 x15:0x70b03333 PA:0x00040000 store:0x70b03333 load:0x00000000
            310	       151	0010045c	70c047b7	lui	x15,0x70c04	 x15=0x70c04000
            312	       152	00100460	44478793	addi	x15,x15,1092	 x15:0x70c04000 x15=0x70c04444
            318	       155	00100464	c01c	c.sw	x15,0(x8)	  x8:0x00040000 x15:0x70c04444 PA:0x00040000 store:0x70c04444 load:0x00000000
            320	       156	00100466	70d047b7	lui	x15,0x70d04	 x15=0x70d04000
            322	       157	0010046a	44478793	addi	x15,x15,1092	 x15:0x70d04000 x15=0x70d04444
            328	       160	0010046e	c01c	c.sw	x15,0(x8)	  x8:0x00040000 x15:0x70d04444 PA:0x00040000 store:0x70d04444 load:0x00000000
            330	       161	00100470	70e047b7	lui	x15,0x70e04	 x15=0x70e04000
            332	       162	00100474	44478793	addi	x15,x15,1092	 x15:0x70e04000 x15=0x70e04444
            338	       165	00100478	c01c	c.sw	x15,0(x8)	  x8:0x00040000 x15:0x70e04444 PA:0x00040000 store:0x70e04444 load:0x00000000
            340	       166	0010047a	70f047b7	lui	x15,0x70f04	 x15=0x70f04000
            342	       167	0010047e	44478793	addi	x15,x15,1092	 x15:0x70f04000 x15=0x70f04444
            348	       170	00100482	c01c	c.sw	x15,0(x8)	  x8:0x00040000 x15:0x70f04444 PA:0x00040000 store:0x70f04444 load:0x00000000
            350	       171	00100484	100007b7	lui	x15,0x10000	 x15=0x10000000
            364	       178	00100488	c01c	c.sw	x15,0(x8)	  x8:0x00040000 x15:0x10000000 PA:0x00040000 store:0x10000000 load:0x00000000
            366	       179	0010048a	101007b7	lui	x15,0x10100	 x15=0x10100000
            368	       180	0010048e	07a1	c.addi	x15,8	 x15:0x10100000 x15=0x10100008
            382	       187	00100490	c01c	c.sw	x15,0(x8)	  x8:0x00040000 x15:0x10100008 PA:0x00040000 store:0x10100008 load:0x00000000
            384	       188	00100492	300017b7	lui	x15,0x30001	 x15=0x30001000
            386	       189	00100496	02078793	addi	x15,x15,32	 x15:0x30001000 x15=0x30001020
            408	       200	0010049a	c01c	c.sw	x15,0(x8)	  x8:0x00040000 x15:0x30001020 PA:0x00040000 store:0x30001020 load:0x00000000
            410	       201	0010049c	202007b7	lui	x15,0x20200	 x15=0x20200000
            412	       202	001004a0	800004b7	lui	x9,0x80000	  x9=0x80000000
            428	       210	001004a4	c01c	c.sw	x15,0(x8)	  x8:0x00040000 x15:0x20200000 PA:0x00040000 store:0x20200000 load:0x00000000
            434	       213	001004a6	c004	c.sw	x9,0(x8)	  x8:0x00040000  x9:0x80000000 PA:0x00040000 store:0x80000000 load:0x00003333
            438	       215	001004a8	4008	c.lw	x10,0(x8)	  x8:0x00040000 x10=0x00003333 PA:0x00040000 store:0x00000000
            442	       217	001004aa	3eed	c.jal	1000a4	  x1=0x001004ac
            444	       218	001000a4	4721	c.li	x14,8	 x14=0x00000008
            446	       219	001000a6	4625	c.li	x12,9	 x12=0x00000009
            448	       220	001000a8	000206b7	lui	x13,0x20	 x13=0x00020000
            450	       221	001000ac	01c55793	srli	x15,x10,0x1c	 x10:0x00003333 x15=0x00000000
            452	       222	001000b0	00f66963	bltu	x12,x15,1000c2	 x12:0x00000009 x15:0x00000000  x0=0x00000000
            454	       223	001000b4	03078793	addi	x15,x15,48	 x15:0x00000000 x15=0x00000030
            458	       225	001000b8	c29c	c.sw	x15,0(x13)	 x13:0x00020000 x15:0x00000030 PA:0x00020000 store:0x00000030 load:0x00000000
            460	       226	001000ba	177d	c.addi	x14,-1	 x14:0x00000008 x14=0x00000007
            462	       227	001000bc	0512	c.slli	x10,0x4	 x10:0x00003333 x10=0x00033330
            466	       229	001000be	f77d	c.bnez	x14,1000ac	 x14:0x00000007
            470	       231	001000ac	01c55793	srli	x15,x10,0x1c	 x10:0x00033330 x15=0x00000000
            472	       232	001000b0	00f66963	bltu	x12,x15,1000c2	 x12:0x00000009 x15:0x00000000  x0=0x00000000
            474	       233	001000b4	03078793	addi	x15,x15,48	 x15:0x00000000 x15=0x00000030
            478	       235	001000b8	c29c	c.sw	x15,0(x13)	 x13:0x00020000 x15:0x00000030 PA:0x00020000 store:0x00000030 load:0x00000000
            480	       236	001000ba	177d	c.addi	x14,-1	 x14:0x00000007 x14=0x00000006
            482	       237	001000bc	0512	c.slli	x10,0x4	 x10:0x00033330 x10=0x00333300
            486	       239	001000be	f77d	c.bnez	x14,1000ac	 x14:0x00000006
            490	       241	001000ac	01c55793	srli	x15,x10,0x1c	 x10:0x00333300 x15=0x00000000
            492	       242	001000b0	00f66963	bltu	x12,x15,1000c2	 x12:0x00000009 x15:0x00000000  x0=0x00000000
            494	       243	001000b4	03078793	addi	x15,x15,48	 x15:0x00000000 x15=0x00000030
            498	       245	001000b8	c29c	c.sw	x15,0(x13)	 x13:0x00020000 x15:0x00000030 PA:0x00020000 store:0x00000030 load:0x00000000
            500	       246	001000ba	177d	c.addi	x14,-1	 x14:0x00000006 x14=0x00000005
            502	       247	001000bc	0512	c.slli	x10,0x4	 x10:0x00333300 x10=0x03333000
            506	       249	001000be	f77d	c.bnez	x14,1000ac	 x14:0x00000005
            510	       251	001000ac	01c55793	srli	x15,x10,0x1c	 x10:0x03333000 x15=0x00000000
            512	       252	001000b0	00f66963	bltu	x12,x15,1000c2	 x12:0x00000009 x15:0x00000000  x0=0x00000000
            514	       253	001000b4	03078793	addi	x15,x15,48	 x15:0x00000000 x15=0x00000030
            518	       255	001000b8	c29c	c.sw	x15,0(x13)	 x13:0x00020000 x15:0x00000030 PA:0x00020000 store:0x00000030 load:0x00000000
            520	       256	001000ba	177d	c.addi	x14,-1	 x14:0x00000005 x14=0x00000004
            522	       257	001000bc	0512	c.slli	x10,0x4	 x10:0x03333000 x10=0x33330000
            526	       259	001000be	f77d	c.bnez	x14,1000ac	 x14:0x00000004
            530	       261	001000ac	01c55793	srli	x15,x10,0x1c	 x10:0x33330000 x15=0x00000003
            532	       262	001000b0	00f66963	bltu	x12,x15,1000c2	 x12:0x00000009 x15:0x00000003  x0=0x00000000
            534	       263	001000b4	03078793	addi	x15,x15,48	 x15:0x00000003 x15=0x00000033
            538	       265	001000b8	c29c	c.sw	x15,0(x13)	 x13:0x00020000 x15:0x00000033 PA:0x00020000 store:0x00000033 load:0x00000000
            540	       266	001000ba	177d	c.addi	x14,-1	 x14:0x00000004 x14=0x00000003
            542	       267	001000bc	0512	c.slli	x10,0x4	 x10:0x33330000 x10=0x33300000
            546	       269	001000be	f77d	c.bnez	x14,1000ac	 x14:0x00000003
            550	       271	001000ac	01c55793	srli	x15,x10,0x1c	 x10:0x33300000 x15=0x00000003
            552	       272	001000b0	00f66963	bltu	x12,x15,1000c2	 x12:0x00000009 x15:0x00000003  x0=0x00000000
            554	       273	001000b4	03078793	addi	x15,x15,48	 x15:0x00000003 x15=0x00000033
            558	       275	001000b8	c29c	c.sw	x15,0(x13)	 x13:0x00020000 x15:0x00000033 PA:0x00020000 store:0x00000033 load:0x00000000
            560	       276	001000ba	177d	c.addi	x14,-1	 x14:0x00000003 x14=0x00000002
            562	       277	001000bc	0512	c.slli	x10,0x4	 x10:0x33300000 x10=0x33000000
            566	       279	001000be	f77d	c.bnez	x14,1000ac	 x14:0x00000002
            570	       281	001000ac	01c55793	srli	x15,x10,0x1c	 x10:0x33000000 x15=0x00000003
            572	       282	001000b0	00f66963	bltu	x12,x15,1000c2	 x12:0x00000009 x15:0x00000003  x0=0x00000000
            574	       283	001000b4	03078793	addi	x15,x15,48	 x15:0x00000003 x15=0x00000033
            578	       285	001000b8	c29c	c.sw	x15,0(x13)	 x13:0x00020000 x15:0x00000033 PA:0x00020000 store:0x00000033 load:0x00000000
            580	       286	001000ba	177d	c.addi	x14,-1	 x14:0x00000002 x14=0x00000001
            582	       287	001000bc	0512	c.slli	x10,0x4	 x10:0x33000000 x10=0x30000000
            586	       289	001000be	f77d	c.bnez	x14,1000ac	 x14:0x00000001
            590	       291	001000ac	01c55793	srli	x15,x10,0x1c	 x10:0x30000000 x15=0x00000003
            592	       292	001000b0	00f66963	bltu	x12,x15,1000c2	 x12:0x00000009 x15:0x00000003  x0=0x00000000
            594	       293	001000b4	03078793	addi	x15,x15,48	 x15:0x00000003 x15=0x00000033
            598	       295	001000b8	c29c	c.sw	x15,0(x13)	 x13:0x00020000 x15:0x00000033 PA:0x00020000 store:0x00000033 load:0x00000000
            600	       296	001000ba	177d	c.addi	x14,-1	 x14:0x00000001 x14=0x00000000
            602	       297	001000bc	0512	c.slli	x10,0x4	 x10:0x30000000 x10=0x00000000
            604	       298	001000be	f77d	c.bnez	x14,1000ac	 x14:0x00000000
            608	       300	001000c0	8082	c.jr	x1	  x1:0x001004ac
            610	       301	001004ac	00000517	auipc	x10,0x0	 x10=0x001004ac
            612	       302	001004b0	0ac50513	addi	x10,x10,172	 x10:0x001004ac x10=0x00100558
            616	       304	001004b4	3ef1	c.jal	100090	  x1=0x001004b6
            618	       305	00100090	00020737	lui	x14,0x20	 x14=0x00020000
            622	       307	00100094	00054783	lbu	x15,0(x10)	 x10:0x00100558 x15=0x0000000a PA:0x00100558 store:0x00000000
            626	       309	00100098	e399	c.bnez	x15,10009e	 x15:0x0000000a
            630	       311	0010009e	0505	c.addi	x10,1	 x10:0x00100558 x10=0x00100559
            634	       313	001000a0	c31c	c.sw	x15,0(x14)	 x14:0x00020000 x15:0x0000000a PA:0x00020000 store:0x0000000a load:0x00000000
            638	       315	001000a2	bfcd	c.j	100094	
            642	       317	00100094	00054783	lbu	x15,0(x10)	 x10:0x00100559 x15=0x00000000 PA:0x00100559 store:0x00000000
            644	       318	00100098	e399	c.bnez	x15,10009e	 x15:0x00000000
            646	       319	0010009a	4501	c.li	x10,0	 x10=0x00000000
            650	       321	0010009c	8082	c.jr	x1	  x1:0x001004b6
            654	       323	001004b6	00148793	addi	x15,x9,1	  x9:0x80000000 x15=0x80000001
            658	       325	001004ba	c01c	c.sw	x15,0(x8)	  x8:0x00040000 x15:0x80000001 PA:0x00040000 store:0x80000001 load:0x00003333
            662	       327	001004bc	4008	c.lw	x10,0(x8)	  x8:0x00040000 x10=0x00003333 PA:0x00040000 store:0x00000000
            666	       329	001004be	36dd	c.jal	1000a4	  x1=0x001004c0
            668	       330	001000a4	4721	c.li	x14,8	 x14=0x00000008
            670	       331	001000a6	4625	c.li	x12,9	 x12=0x00000009
            672	       332	001000a8	000206b7	lui	x13,0x20	 x13=0x00020000
            674	       333	001000ac	01c55793	srli	x15,x10,0x1c	 x10:0x00003333 x15=0x00000000
            676	       334	001000b0	00f66963	bltu	x12,x15,1000c2	 x12:0x00000009 x15:0x00000000  x0=0x00000000
            678	       335	001000b4	03078793	addi	x15,x15,48	 x15:0x00000000 x15=0x00000030
            682	       337	001000b8	c29c	c.sw	x15,0(x13)	 x13:0x00020000 x15:0x00000030 PA:0x00020000 store:0x00000030 load:0x00000000
            684	       338	001000ba	177d	c.addi	x14,-1	 x14:0x00000008 x14=0x00000007
            686	       339	001000bc	0512	c.slli	x10,0x4	 x10:0x00003333 x10=0x00033330
            690	       341	001000be	f77d	c.bnez	x14,1000ac	 x14:0x00000007
            694	       343	001000ac	01c55793	srli	x15,x10,0x1c	 x10:0x00033330 x15=0x00000000
            696	       344	001000b0	00f66963	bltu	x12,x15,1000c2	 x12:0x00000009 x15:0x00000000  x0=0x00000000
            698	       345	001000b4	03078793	addi	x15,x15,48	 x15:0x00000000 x15=0x00000030
            702	       347	001000b8	c29c	c.sw	x15,0(x13)	 x13:0x00020000 x15:0x00000030 PA:0x00020000 store:0x00000030 load:0x00000000
            704	       348	001000ba	177d	c.addi	x14,-1	 x14:0x00000007 x14=0x00000006
            706	       349	001000bc	0512	c.slli	x10,0x4	 x10:0x00033330 x10=0x00333300
            710	       351	001000be	f77d	c.bnez	x14,1000ac	 x14:0x00000006
            714	       353	001000ac	01c55793	srli	x15,x10,0x1c	 x10:0x00333300 x15=0x00000000
            716	       354	001000b0	00f66963	bltu	x12,x15,1000c2	 x12:0x00000009 x15:0x00000000  x0=0x00000000
            718	       355	001000b4	03078793	addi	x15,x15,48	 x15:0x00000000 x15=0x00000030
            722	       357	001000b8	c29c	c.sw	x15,0(x13)	 x13:0x00020000 x15:0x00000030 PA:0x00020000 store:0x00000030 load:0x00000000
            724	       358	001000ba	177d	c.addi	x14,-1	 x14:0x00000006 x14=0x00000005
            726	       359	001000bc	0512	c.slli	x10,0x4	 x10:0x00333300 x10=0x03333000
            730	       361	001000be	f77d	c.bnez	x14,1000ac	 x14:0x00000005
            734	       363	001000ac	01c55793	srli	x15,x10,0x1c	 x10:0x03333000 x15=0x00000000
            736	       364	001000b0	00f66963	bltu	x12,x15,1000c2	 x12:0x00000009 x15:0x00000000  x0=0x00000000
            738	       365	001000b4	03078793	addi	x15,x15,48	 x15:0x00000000 x15=0x00000030
            742	       367	001000b8	c29c	c.sw	x15,0(x13)	 x13:0x00020000 x15:0x00000030 PA:0x00020000 store:0x00000030 load:0x00000000
            744	       368	001000ba	177d	c.addi	x14,-1	 x14:0x00000005 x14=0x00000004
            746	       369	001000bc	0512	c.slli	x10,0x4	 x10:0x03333000 x10=0x33330000
            750	       371	001000be	f77d	c.bnez	x14,1000ac	 x14:0x00000004
            754	       373	001000ac	01c55793	srli	x15,x10,0x1c	 x10:0x33330000 x15=0x00000003
            756	       374	001000b0	00f66963	bltu	x12,x15,1000c2	 x12:0x00000009 x15:0x00000003  x0=0x00000000
            758	       375	001000b4	03078793	addi	x15,x15,48	 x15:0x00000003 x15=0x00000033
            762	       377	001000b8	c29c	c.sw	x15,0(x13)	 x13:0x00020000 x15:0x00000033 PA:0x00020000 store:0x00000033 load:0x00000000
            764	       378	001000ba	177d	c.addi	x14,-1	 x14:0x00000004 x14=0x00000003
            766	       379	001000bc	0512	c.slli	x10,0x4	 x10:0x33330000 x10=0x33300000
            770	       381	001000be	f77d	c.bnez	x14,1000ac	 x14:0x00000003
            774	       383	001000ac	01c55793	srli	x15,x10,0x1c	 x10:0x33300000 x15=0x00000003
            776	       384	001000b0	00f66963	bltu	x12,x15,1000c2	 x12:0x00000009 x15:0x00000003  x0=0x00000000
            778	       385	001000b4	03078793	addi	x15,x15,48	 x15:0x00000003 x15=0x00000033
            782	       387	001000b8	c29c	c.sw	x15,0(x13)	 x13:0x00020000 x15:0x00000033 PA:0x00020000 store:0x00000033 load:0x00000000
            784	       388	001000ba	177d	c.addi	x14,-1	 x14:0x00000003 x14=0x00000002
            786	       389	001000bc	0512	c.slli	x10,0x4	 x10:0x33300000 x10=0x33000000
            790	       391	001000be	f77d	c.bnez	x14,1000ac	 x14:0x00000002
            794	       393	001000ac	01c55793	srli	x15,x10,0x1c	 x10:0x33000000 x15=0x00000003
            796	       394	001000b0	00f66963	bltu	x12,x15,1000c2	 x12:0x00000009 x15:0x00000003  x0=0x00000000
            798	       395	001000b4	03078793	addi	x15,x15,48	 x15:0x00000003 x15=0x00000033
            802	       397	001000b8	c29c	c.sw	x15,0(x13)	 x13:0x00020000 x15:0x00000033 PA:0x00020000 store:0x00000033 load:0x00000000
            804	       398	001000ba	177d	c.addi	x14,-1	 x14:0x00000002 x14=0x00000001
            806	       399	001000bc	0512	c.slli	x10,0x4	 x10:0x33000000 x10=0x30000000
            810	       401	001000be	f77d	c.bnez	x14,1000ac	 x14:0x00000001
            814	       403	001000ac	01c55793	srli	x15,x10,0x1c	 x10:0x30000000 x15=0x00000003
            816	       404	001000b0	00f66963	bltu	x12,x15,1000c2	 x12:0x00000009 x15:0x00000003  x0=0x00000000
            818	       405	001000b4	03078793	addi	x15,x15,48	 x15:0x00000003 x15=0x00000033
            822	       407	001000b8	c29c	c.sw	x15,0(x13)	 x13:0x00020000 x15:0x00000033 PA:0x00020000 store:0x00000033 load:0x00000000
            824	       408	001000ba	177d	c.addi	x14,-1	 x14:0x00000001 x14=0x00000000
            826	       409	001000bc	0512	c.slli	x10,0x4	 x10:0x30000000 x10=0x00000000
            828	       410	001000be	f77d	c.bnez	x14,1000ac	 x14:0x00000000
            832	       412	001000c0	8082	c.jr	x1	  x1:0x001004c0
            834	       413	001004c0	00000517	auipc	x10,0x0	 x10=0x001004c0
            836	       414	001004c4	09850513	addi	x10,x10,152	 x10:0x001004c0 x10=0x00100558
            840	       416	001004c8	36e1	c.jal	100090	  x1=0x001004ca
            842	       417	00100090	00020737	lui	x14,0x20	 x14=0x00020000
            846	       419	00100094	00054783	lbu	x15,0(x10)	 x10:0x00100558 x15=0x0000000a PA:0x00100558 store:0x00000000
            850	       421	00100098	e399	c.bnez	x15,10009e	 x15:0x0000000a
            854	       423	0010009e	0505	c.addi	x10,1	 x10:0x00100558 x10=0x00100559
            858	       425	001000a0	c31c	c.sw	x15,0(x14)	 x14:0x00020000 x15:0x0000000a PA:0x00020000 store:0x0000000a load:0x00000000
            862	       427	001000a2	bfcd	c.j	100094	
            866	       429	00100094	00054783	lbu	x15,0(x10)	 x10:0x00100559 x15=0x00000000 PA:0x00100559 store:0x00000000
            868	       430	00100098	e399	c.bnez	x15,10009e	 x15:0x00000000
            870	       431	0010009a	4501	c.li	x10,0	 x10=0x00000000
            874	       433	0010009c	8082	c.jr	x1	  x1:0x001004ca
            878	       435	001004ca	00248793	addi	x15,x9,2	  x9:0x80000000 x15=0x80000002
            882	       437	001004ce	c01c	c.sw	x15,0(x8)	  x8:0x00040000 x15:0x80000002 PA:0x00040000 store:0x80000002 load:0x00003333
            886	       439	001004d0	4008	c.lw	x10,0(x8)	  x8:0x00040000 x10=0x00003333 PA:0x00040000 store:0x00000000
            890	       441	001004d2	3ec9	c.jal	1000a4	  x1=0x001004d4
            892	       442	001000a4	4721	c.li	x14,8	 x14=0x00000008
            894	       443	001000a6	4625	c.li	x12,9	 x12=0x00000009
            896	       444	001000a8	000206b7	lui	x13,0x20	 x13=0x00020000
            898	       445	001000ac	01c55793	srli	x15,x10,0x1c	 x10:0x00003333 x15=0x00000000
            900	       446	001000b0	00f66963	bltu	x12,x15,1000c2	 x12:0x00000009 x15:0x00000000  x0=0x00000000
            902	       447	001000b4	03078793	addi	x15,x15,48	 x15:0x00000000 x15=0x00000030
            906	       449	001000b8	c29c	c.sw	x15,0(x13)	 x13:0x00020000 x15:0x00000030 PA:0x00020000 store:0x00000030 load:0x00000000
            908	       450	001000ba	177d	c.addi	x14,-1	 x14:0x00000008 x14=0x00000007
            910	       451	001000bc	0512	c.slli	x10,0x4	 x10:0x00003333 x10=0x00033330
            914	       453	001000be	f77d	c.bnez	x14,1000ac	 x14:0x00000007
            918	       455	001000ac	01c55793	srli	x15,x10,0x1c	 x10:0x00033330 x15=0x00000000
            920	       456	001000b0	00f66963	bltu	x12,x15,1000c2	 x12:0x00000009 x15:0x00000000  x0=0x00000000
            922	       457	001000b4	03078793	addi	x15,x15,48	 x15:0x00000000 x15=0x00000030
            926	       459	001000b8	c29c	c.sw	x15,0(x13)	 x13:0x00020000 x15:0x00000030 PA:0x00020000 store:0x00000030 load:0x00000000
            928	       460	001000ba	177d	c.addi	x14,-1	 x14:0x00000007 x14=0x00000006
            930	       461	001000bc	0512	c.slli	x10,0x4	 x10:0x00033330 x10=0x00333300
            934	       463	001000be	f77d	c.bnez	x14,1000ac	 x14:0x00000006
            938	       465	001000ac	01c55793	srli	x15,x10,0x1c	 x10:0x00333300 x15=0x00000000
            940	       466	001000b0	00f66963	bltu	x12,x15,1000c2	 x12:0x00000009 x15:0x00000000  x0=0x00000000
            942	       467	001000b4	03078793	addi	x15,x15,48	 x15:0x00000000 x15=0x00000030
            946	       469	001000b8	c29c	c.sw	x15,0(x13)	 x13:0x00020000 x15:0x00000030 PA:0x00020000 store:0x00000030 load:0x00000000
            948	       470	001000ba	177d	c.addi	x14,-1	 x14:0x00000006 x14=0x00000005
            950	       471	001000bc	0512	c.slli	x10,0x4	 x10:0x00333300 x10=0x03333000
            954	       473	001000be	f77d	c.bnez	x14,1000ac	 x14:0x00000005
            958	       475	001000ac	01c55793	srli	x15,x10,0x1c	 x10:0x03333000 x15=0x00000000
            960	       476	001000b0	00f66963	bltu	x12,x15,1000c2	 x12:0x00000009 x15:0x00000000  x0=0x00000000
            962	       477	001000b4	03078793	addi	x15,x15,48	 x15:0x00000000 x15=0x00000030
            966	       479	001000b8	c29c	c.sw	x15,0(x13)	 x13:0x00020000 x15:0x00000030 PA:0x00020000 store:0x00000030 load:0x00000000
            968	       480	001000ba	177d	c.addi	x14,-1	 x14:0x00000005 x14=0x00000004
            970	       481	001000bc	0512	c.slli	x10,0x4	 x10:0x03333000 x10=0x33330000
            974	       483	001000be	f77d	c.bnez	x14,1000ac	 x14:0x00000004
            978	       485	001000ac	01c55793	srli	x15,x10,0x1c	 x10:0x33330000 x15=0x00000003
            980	       486	001000b0	00f66963	bltu	x12,x15,1000c2	 x12:0x00000009 x15:0x00000003  x0=0x00000000
            982	       487	001000b4	03078793	addi	x15,x15,48	 x15:0x00000003 x15=0x00000033
            986	       489	001000b8	c29c	c.sw	x15,0(x13)	 x13:0x00020000 x15:0x00000033 PA:0x00020000 store:0x00000033 load:0x00000000
            988	       490	001000ba	177d	c.addi	x14,-1	 x14:0x00000004 x14=0x00000003
            990	       491	001000bc	0512	c.slli	x10,0x4	 x10:0x33330000 x10=0x33300000
            994	       493	001000be	f77d	c.bnez	x14,1000ac	 x14:0x00000003
            998	       495	001000ac	01c55793	srli	x15,x10,0x1c	 x10:0x33300000 x15=0x00000003
           1000	       496	001000b0	00f66963	bltu	x12,x15,1000c2	 x12:0x00000009 x15:0x00000003  x0=0x00000000
           1002	       497	001000b4	03078793	addi	x15,x15,48	 x15:0x00000003 x15=0x00000033
           1006	       499	001000b8	c29c	c.sw	x15,0(x13)	 x13:0x00020000 x15:0x00000033 PA:0x00020000 store:0x00000033 load:0x00000000
           1008	       500	001000ba	177d	c.addi	x14,-1	 x14:0x00000003 x14=0x00000002
           1010	       501	001000bc	0512	c.slli	x10,0x4	 x10:0x33300000 x10=0x33000000
           1014	       503	001000be	f77d	c.bnez	x14,1000ac	 x14:0x00000002
           1018	       505	001000ac	01c55793	srli	x15,x10,0x1c	 x10:0x33000000 x15=0x00000003
           1020	       506	001000b0	00f66963	bltu	x12,x15,1000c2	 x12:0x00000009 x15:0x00000003  x0=0x00000000
           1022	       507	001000b4	03078793	addi	x15,x15,48	 x15:0x00000003 x15=0x00000033
           1026	       509	001000b8	c29c	c.sw	x15,0(x13)	 x13:0x00020000 x15:0x00000033 PA:0x00020000 store:0x00000033 load:0x00000000
           1028	       510	001000ba	177d	c.addi	x14,-1	 x14:0x00000002 x14=0x00000001
           1030	       511	001000bc	0512	c.slli	x10,0x4	 x10:0x33000000 x10=0x30000000
           1034	       513	001000be	f77d	c.bnez	x14,1000ac	 x14:0x00000001
           1038	       515	001000ac	01c55793	srli	x15,x10,0x1c	 x10:0x30000000 x15=0x00000003
           1040	       516	001000b0	00f66963	bltu	x12,x15,1000c2	 x12:0x00000009 x15:0x00000003  x0=0x00000000
           1042	       517	001000b4	03078793	addi	x15,x15,48	 x15:0x00000003 x15=0x00000033
           1046	       519	001000b8	c29c	c.sw	x15,0(x13)	 x13:0x00020000 x15:0x00000033 PA:0x00020000 store:0x00000033 load:0x00000000
           1048	       520	001000ba	177d	c.addi	x14,-1	 x14:0x00000001 x14=0x00000000
           1050	       521	001000bc	0512	c.slli	x10,0x4	 x10:0x30000000 x10=0x00000000
           1052	       522	001000be	f77d	c.bnez	x14,1000ac	 x14:0x00000000
           1056	       524	001000c0	8082	c.jr	x1	  x1:0x001004d4
           1058	       525	001004d4	00000517	auipc	x10,0x0	 x10=0x001004d4
           1060	       526	001004d8	08450513	addi	x10,x10,132	 x10:0x001004d4 x10=0x00100558
           1064	       528	001004dc	3e55	c.jal	100090	  x1=0x001004de
           1066	       529	00100090	00020737	lui	x14,0x20	 x14=0x00020000
           1070	       531	00100094	00054783	lbu	x15,0(x10)	 x10:0x00100558 x15=0x0000000a PA:0x00100558 store:0x00000000
           1074	       533	00100098	e399	c.bnez	x15,10009e	 x15:0x0000000a
           1078	       535	0010009e	0505	c.addi	x10,1	 x10:0x00100558 x10=0x00100559
           1082	       537	001000a0	c31c	c.sw	x15,0(x14)	 x14:0x00020000 x15:0x0000000a PA:0x00020000 store:0x0000000a load:0x00000000
           1086	       539	001000a2	bfcd	c.j	100094	
           1090	       541	00100094	00054783	lbu	x15,0(x10)	 x10:0x00100559 x15=0x00000000 PA:0x00100559 store:0x00000000
           1092	       542	00100098	e399	c.bnez	x15,10009e	 x15:0x00000000
           1094	       543	0010009a	4501	c.li	x10,0	 x10=0x00000000
           1098	       545	0010009c	8082	c.jr	x1	  x1:0x001004de
           1102	       547	001004de	00348793	addi	x15,x9,3	  x9:0x80000000 x15=0x80000003
           1106	       549	001004e2	c01c	c.sw	x15,0(x8)	  x8:0x00040000 x15:0x80000003 PA:0x00040000 store:0x80000003 load:0x00003333
           1110	       551	001004e4	4008	c.lw	x10,0(x8)	  x8:0x00040000 x10=0x00003333 PA:0x00040000 store:0x00000000
           1114	       553	001004e6	3e7d	c.jal	1000a4	  x1=0x001004e8
           1116	       554	001000a4	4721	c.li	x14,8	 x14=0x00000008
           1118	       555	001000a6	4625	c.li	x12,9	 x12=0x00000009
           1120	       556	001000a8	000206b7	lui	x13,0x20	 x13=0x00020000
           1122	       557	001000ac	01c55793	srli	x15,x10,0x1c	 x10:0x00003333 x15=0x00000000
           1124	       558	001000b0	00f66963	bltu	x12,x15,1000c2	 x12:0x00000009 x15:0x00000000  x0=0x00000000
           1126	       559	001000b4	03078793	addi	x15,x15,48	 x15:0x00000000 x15=0x00000030
           1130	       561	001000b8	c29c	c.sw	x15,0(x13)	 x13:0x00020000 x15:0x00000030 PA:0x00020000 store:0x00000030 load:0x00000000
           1132	       562	001000ba	177d	c.addi	x14,-1	 x14:0x00000008 x14=0x00000007
           1134	       563	001000bc	0512	c.slli	x10,0x4	 x10:0x00003333 x10=0x00033330
           1138	       565	001000be	f77d	c.bnez	x14,1000ac	 x14:0x00000007
           1142	       567	001000ac	01c55793	srli	x15,x10,0x1c	 x10:0x00033330 x15=0x00000000
           1144	       568	001000b0	00f66963	bltu	x12,x15,1000c2	 x12:0x00000009 x15:0x00000000  x0=0x00000000
           1146	       569	001000b4	03078793	addi	x15,x15,48	 x15:0x00000000 x15=0x00000030
           1150	       571	001000b8	c29c	c.sw	x15,0(x13)	 x13:0x00020000 x15:0x00000030 PA:0x00020000 store:0x00000030 load:0x00000000
           1152	       572	001000ba	177d	c.addi	x14,-1	 x14:0x00000007 x14=0x00000006
           1154	       573	001000bc	0512	c.slli	x10,0x4	 x10:0x00033330 x10=0x00333300
           1158	       575	001000be	f77d	c.bnez	x14,1000ac	 x14:0x00000006
           1162	       577	001000ac	01c55793	srli	x15,x10,0x1c	 x10:0x00333300 x15=0x00000000
           1164	       578	001000b0	00f66963	bltu	x12,x15,1000c2	 x12:0x00000009 x15:0x00000000  x0=0x00000000
           1166	       579	001000b4	03078793	addi	x15,x15,48	 x15:0x00000000 x15=0x00000030
           1170	       581	001000b8	c29c	c.sw	x15,0(x13)	 x13:0x00020000 x15:0x00000030 PA:0x00020000 store:0x00000030 load:0x00000000
           1172	       582	001000ba	177d	c.addi	x14,-1	 x14:0x00000006 x14=0x00000005
           1174	       583	001000bc	0512	c.slli	x10,0x4	 x10:0x00333300 x10=0x03333000
           1178	       585	001000be	f77d	c.bnez	x14,1000ac	 x14:0x00000005
           1182	       587	001000ac	01c55793	srli	x15,x10,0x1c	 x10:0x03333000 x15=0x00000000
           1184	       588	001000b0	00f66963	bltu	x12,x15,1000c2	 x12:0x00000009 x15:0x00000000  x0=0x00000000
           1186	       589	001000b4	03078793	addi	x15,x15,48	 x15:0x00000000 x15=0x00000030
           1190	       591	001000b8	c29c	c.sw	x15,0(x13)	 x13:0x00020000 x15:0x00000030 PA:0x00020000 store:0x00000030 load:0x00000000
           1192	       592	001000ba	177d	c.addi	x14,-1	 x14:0x00000005 x14=0x00000004
           1194	       593	001000bc	0512	c.slli	x10,0x4	 x10:0x03333000 x10=0x33330000
           1198	       595	001000be	f77d	c.bnez	x14,1000ac	 x14:0x00000004
           1202	       597	001000ac	01c55793	srli	x15,x10,0x1c	 x10:0x33330000 x15=0x00000003
           1204	       598	001000b0	00f66963	bltu	x12,x15,1000c2	 x12:0x00000009 x15:0x00000003  x0=0x00000000
           1206	       599	001000b4	03078793	addi	x15,x15,48	 x15:0x00000003 x15=0x00000033
           1210	       601	001000b8	c29c	c.sw	x15,0(x13)	 x13:0x00020000 x15:0x00000033 PA:0x00020000 store:0x00000033 load:0x00000000
           1212	       602	001000ba	177d	c.addi	x14,-1	 x14:0x00000004 x14=0x00000003
           1214	       603	001000bc	0512	c.slli	x10,0x4	 x10:0x33330000 x10=0x33300000
           1218	       605	001000be	f77d	c.bnez	x14,1000ac	 x14:0x00000003
           1222	       607	001000ac	01c55793	srli	x15,x10,0x1c	 x10:0x33300000 x15=0x00000003
           1224	       608	001000b0	00f66963	bltu	x12,x15,1000c2	 x12:0x00000009 x15:0x00000003  x0=0x00000000
           1226	       609	001000b4	03078793	addi	x15,x15,48	 x15:0x00000003 x15=0x00000033
           1230	       611	001000b8	c29c	c.sw	x15,0(x13)	 x13:0x00020000 x15:0x00000033 PA:0x00020000 store:0x00000033 load:0x00000000
           1232	       612	001000ba	177d	c.addi	x14,-1	 x14:0x00000003 x14=0x00000002
           1234	       613	001000bc	0512	c.slli	x10,0x4	 x10:0x33300000 x10=0x33000000
           1238	       615	001000be	f77d	c.bnez	x14,1000ac	 x14:0x00000002
           1242	       617	001000ac	01c55793	srli	x15,x10,0x1c	 x10:0x33000000 x15=0x00000003
           1244	       618	001000b0	00f66963	bltu	x12,x15,1000c2	 x12:0x00000009 x15:0x00000003  x0=0x00000000
           1246	       619	001000b4	03078793	addi	x15,x15,48	 x15:0x00000003 x15=0x00000033
           1250	       621	001000b8	c29c	c.sw	x15,0(x13)	 x13:0x00020000 x15:0x00000033 PA:0x00020000 store:0x00000033 load:0x00000000
           1252	       622	001000ba	177d	c.addi	x14,-1	 x14:0x00000002 x14=0x00000001
           1254	       623	001000bc	0512	c.slli	x10,0x4	 x10:0x33000000 x10=0x30000000
           1258	       625	001000be	f77d	c.bnez	x14,1000ac	 x14:0x00000001
           1262	       627	001000ac	01c55793	srli	x15,x10,0x1c	 x10:0x30000000 x15=0x00000003
           1264	       628	001000b0	00f66963	bltu	x12,x15,1000c2	 x12:0x00000009 x15:0x00000003  x0=0x00000000
           1266	       629	001000b4	03078793	addi	x15,x15,48	 x15:0x00000003 x15=0x00000033
           1270	       631	001000b8	c29c	c.sw	x15,0(x13)	 x13:0x00020000 x15:0x00000033 PA:0x00020000 store:0x00000033 load:0x00000000
           1272	       632	001000ba	177d	c.addi	x14,-1	 x14:0x00000001 x14=0x00000000
           1274	       633	001000bc	0512	c.slli	x10,0x4	 x10:0x30000000 x10=0x00000000
           1276	       634	001000be	f77d	c.bnez	x14,1000ac	 x14:0x00000000
           1280	       636	001000c0	8082	c.jr	x1	  x1:0x001004e8
           1282	       637	001004e8	00000517	auipc	x10,0x0	 x10=0x001004e8
           1284	       638	001004ec	07050513	addi	x10,x10,112	 x10:0x001004e8 x10=0x00100558
           1288	       640	001004f0	3645	c.jal	100090	  x1=0x001004f2
           1290	       641	00100090	00020737	lui	x14,0x20	 x14=0x00020000
           1294	       643	00100094	00054783	lbu	x15,0(x10)	 x10:0x00100558 x15=0x0000000a PA:0x00100558 store:0x00000000
           1298	       645	00100098	e399	c.bnez	x15,10009e	 x15:0x0000000a
           1302	       647	0010009e	0505	c.addi	x10,1	 x10:0x00100558 x10=0x00100559
           1306	       649	001000a0	c31c	c.sw	x15,0(x14)	 x14:0x00020000 x15:0x0000000a PA:0x00020000 store:0x0000000a load:0x00000000
           1310	       651	001000a2	bfcd	c.j	100094	
           1314	       653	00100094	00054783	lbu	x15,0(x10)	 x10:0x00100559 x15=0x00000000 PA:0x00100559 store:0x00000000
           1316	       654	00100098	e399	c.bnez	x15,10009e	 x15:0x00000000
           1318	       655	0010009a	4501	c.li	x10,0	 x10=0x00000000
           1322	       657	0010009c	8082	c.jr	x1	  x1:0x001004f2
           1326	       659	001004f2	00448793	addi	x15,x9,4	  x9:0x80000000 x15=0x80000004
           1330	       661	001004f6	c01c	c.sw	x15,0(x8)	  x8:0x00040000 x15:0x80000004 PA:0x00040000 store:0x80000004 load:0x00003333
           1334	       663	001004f8	4008	c.lw	x10,0(x8)	  x8:0x00040000 x10=0x000044e6 PA:0x00040000 store:0x00000000
           1338	       665	001004fa	366d	c.jal	1000a4	  x1=0x001004fc
           1340	       666	001000a4	4721	c.li	x14,8	 x14=0x00000008
           1342	       667	001000a6	4625	c.li	x12,9	 x12=0x00000009
           1344	       668	001000a8	000206b7	lui	x13,0x20	 x13=0x00020000
           1346	       669	001000ac	01c55793	srli	x15,x10,0x1c	 x10:0x000044e6 x15=0x00000000
           1348	       670	001000b0	00f66963	bltu	x12,x15,1000c2	 x12:0x00000009 x15:0x00000000  x0=0x00000000
           1350	       671	001000b4	03078793	addi	x15,x15,48	 x15:0x00000000 x15=0x00000030
           1354	       673	001000b8	c29c	c.sw	x15,0(x13)	 x13:0x00020000 x15:0x00000030 PA:0x00020000 store:0x00000030 load:0x00000000
           1356	       674	001000ba	177d	c.addi	x14,-1	 x14:0x00000008 x14=0x00000007
           1358	       675	001000bc	0512	c.slli	x10,0x4	 x10:0x000044e6 x10=0x00044e60
           1362	       677	001000be	f77d	c.bnez	x14,1000ac	 x14:0x00000007
           1366	       679	001000ac	01c55793	srli	x15,x10,0x1c	 x10:0x00044e60 x15=0x00000000
           1368	       680	001000b0	00f66963	bltu	x12,x15,1000c2	 x12:0x00000009 x15:0x00000000  x0=0x00000000
           1370	       681	001000b4	03078793	addi	x15,x15,48	 x15:0x00000000 x15=0x00000030
           1374	       683	001000b8	c29c	c.sw	x15,0(x13)	 x13:0x00020000 x15:0x00000030 PA:0x00020000 store:0x00000030 load:0x00000000
           1376	       684	001000ba	177d	c.addi	x14,-1	 x14:0x00000007 x14=0x00000006
           1378	       685	001000bc	0512	c.slli	x10,0x4	 x10:0x00044e60 x10=0x0044e600
           1382	       687	001000be	f77d	c.bnez	x14,1000ac	 x14:0x00000006
           1386	       689	001000ac	01c55793	srli	x15,x10,0x1c	 x10:0x0044e600 x15=0x00000000
           1388	       690	001000b0	00f66963	bltu	x12,x15,1000c2	 x12:0x00000009 x15:0x00000000  x0=0x00000000
           1390	       691	001000b4	03078793	addi	x15,x15,48	 x15:0x00000000 x15=0x00000030
           1394	       693	001000b8	c29c	c.sw	x15,0(x13)	 x13:0x00020000 x15:0x00000030 PA:0x00020000 store:0x00000030 load:0x00000000
           1396	       694	001000ba	177d	c.addi	x14,-1	 x14:0x00000006 x14=0x00000005
           1398	       695	001000bc	0512	c.slli	x10,0x4	 x10:0x0044e600 x10=0x044e6000
           1402	       697	001000be	f77d	c.bnez	x14,1000ac	 x14:0x00000005
           1406	       699	001000ac	01c55793	srli	x15,x10,0x1c	 x10:0x044e6000 x15=0x00000000
           1408	       700	001000b0	00f66963	bltu	x12,x15,1000c2	 x12:0x00000009 x15:0x00000000  x0=0x00000000
           1410	       701	001000b4	03078793	addi	x15,x15,48	 x15:0x00000000 x15=0x00000030
           1414	       703	001000b8	c29c	c.sw	x15,0(x13)	 x13:0x00020000 x15:0x00000030 PA:0x00020000 store:0x00000030 load:0x00000000
           1416	       704	001000ba	177d	c.addi	x14,-1	 x14:0x00000005 x14=0x00000004
           1418	       705	001000bc	0512	c.slli	x10,0x4	 x10:0x044e6000 x10=0x44e60000
           1422	       707	001000be	f77d	c.bnez	x14,1000ac	 x14:0x00000004
           1426	       709	001000ac	01c55793	srli	x15,x10,0x1c	 x10:0x44e60000 x15=0x00000004
           1428	       710	001000b0	00f66963	bltu	x12,x15,1000c2	 x12:0x00000009 x15:0x00000004  x0=0x00000000
           1430	       711	001000b4	03078793	addi	x15,x15,48	 x15:0x00000004 x15=0x00000034
           1434	       713	001000b8	c29c	c.sw	x15,0(x13)	 x13:0x00020000 x15:0x00000034 PA:0x00020000 store:0x00000034 load:0x00000000
           1436	       714	001000ba	177d	c.addi	x14,-1	 x14:0x00000004 x14=0x00000003
           1438	       715	001000bc	0512	c.slli	x10,0x4	 x10:0x44e60000 x10=0x4e600000
           1442	       717	001000be	f77d	c.bnez	x14,1000ac	 x14:0x00000003
           1446	       719	001000ac	01c55793	srli	x15,x10,0x1c	 x10:0x4e600000 x15=0x00000004
           1448	       720	001000b0	00f66963	bltu	x12,x15,1000c2	 x12:0x00000009 x15:0x00000004  x0=0x00000000
           1450	       721	001000b4	03078793	addi	x15,x15,48	 x15:0x00000004 x15=0x00000034
           1454	       723	001000b8	c29c	c.sw	x15,0(x13)	 x13:0x00020000 x15:0x00000034 PA:0x00020000 store:0x00000034 load:0x00000000
           1456	       724	001000ba	177d	c.addi	x14,-1	 x14:0x00000003 x14=0x00000002
           1458	       725	001000bc	0512	c.slli	x10,0x4	 x10:0x4e600000 x10=0xe6000000
           1462	       727	001000be	f77d	c.bnez	x14,1000ac	 x14:0x00000002
           1466	       729	001000ac	01c55793	srli	x15,x10,0x1c	 x10:0xe6000000 x15=0x0000000e
           1470	       731	001000b0	00f66963	bltu	x12,x15,1000c2	 x12:0x00000009 x15:0x0000000e  x0=0x00000000
           1476	       734	001000c2	03778793	addi	x15,x15,55	 x15:0x0000000e x15=0x00000045
           1480	       736	001000c6	bfcd	c.j	1000b8	
           1484	       738	001000b8	c29c	c.sw	x15,0(x13)	 x13:0x00020000 x15:0x00000045 PA:0x00020000 store:0x00000045 load:0x00000000
           1486	       739	001000ba	177d	c.addi	x14,-1	 x14:0x00000002 x14=0x00000001
           1488	       740	001000bc	0512	c.slli	x10,0x4	 x10:0xe6000000 x10=0x60000000
           1492	       742	001000be	f77d	c.bnez	x14,1000ac	 x14:0x00000001
           1496	       744	001000ac	01c55793	srli	x15,x10,0x1c	 x10:0x60000000 x15=0x00000006
           1498	       745	001000b0	00f66963	bltu	x12,x15,1000c2	 x12:0x00000009 x15:0x00000006  x0=0x00000000
           1500	       746	001000b4	03078793	addi	x15,x15,48	 x15:0x00000006 x15=0x00000036
           1504	       748	001000b8	c29c	c.sw	x15,0(x13)	 x13:0x00020000 x15:0x00000036 PA:0x00020000 store:0x00000036 load:0x00000000
           1506	       749	001000ba	177d	c.addi	x14,-1	 x14:0x00000001 x14=0x00000000
           1508	       750	001000bc	0512	c.slli	x10,0x4	 x10:0x60000000 x10=0x00000000
           1510	       751	001000be	f77d	c.bnez	x14,1000ac	 x14:0x00000000
           1514	       753	001000c0	8082	c.jr	x1	  x1:0x001004fc
           1516	       754	001004fc	00000517	auipc	x10,0x0	 x10=0x001004fc
           1518	       755	00100500	05c50513	addi	x10,x10,92	 x10:0x001004fc x10=0x00100558
           1522	       757	00100504	3671	c.jal	100090	  x1=0x00100506
           1524	       758	00100090	00020737	lui	x14,0x20	 x14=0x00020000
           1528	       760	00100094	00054783	lbu	x15,0(x10)	 x10:0x00100558 x15=0x0000000a PA:0x00100558 store:0x00000000
           1532	       762	00100098	e399	c.bnez	x15,10009e	 x15:0x0000000a
           1536	       764	0010009e	0505	c.addi	x10,1	 x10:0x00100558 x10=0x00100559
           1540	       766	001000a0	c31c	c.sw	x15,0(x14)	 x14:0x00020000 x15:0x0000000a PA:0x00020000 store:0x0000000a load:0x00000000
           1544	       768	001000a2	bfcd	c.j	100094	
           1548	       770	00100094	00054783	lbu	x15,0(x10)	 x10:0x00100559 x15=0x00000000 PA:0x00100559 store:0x00000000
           1550	       771	00100098	e399	c.bnez	x15,10009e	 x15:0x00000000
           1552	       772	0010009a	4501	c.li	x10,0	 x10=0x00000000
           1556	       774	0010009c	8082	c.jr	x1	  x1:0x00100506
           1560	       776	00100506	00548793	addi	x15,x9,5	  x9:0x80000000 x15=0x80000005
           1566	       779	0010050a	c01c	c.sw	x15,0(x8)	  x8:0x00040000 x15:0x80000005 PA:0x00040000 store:0x80000005 load:0x000044e6
           1570	       781	0010050c	4008	c.lw	x10,0(x8)	  x8:0x00040000 x10=0x000044e6 PA:0x00040000 store:0x00000000
           1574	       783	0010050e	3e59	c.jal	1000a4	  x1=0x00100510
           1576	       784	001000a4	4721	c.li	x14,8	 x14=0x00000008
           1578	       785	001000a6	4625	c.li	x12,9	 x12=0x00000009
           1580	       786	001000a8	000206b7	lui	x13,0x20	 x13=0x00020000
           1582	       787	001000ac	01c55793	srli	x15,x10,0x1c	 x10:0x000044e6 x15=0x00000000
           1584	       788	001000b0	00f66963	bltu	x12,x15,1000c2	 x12:0x00000009 x15:0x00000000  x0=0x00000000
           1586	       789	001000b4	03078793	addi	x15,x15,48	 x15:0x00000000 x15=0x00000030
           1590	       791	001000b8	c29c	c.sw	x15,0(x13)	 x13:0x00020000 x15:0x00000030 PA:0x00020000 store:0x00000030 load:0x00000000
           1592	       792	001000ba	177d	c.addi	x14,-1	 x14:0x00000008 x14=0x00000007
           1594	       793	001000bc	0512	c.slli	x10,0x4	 x10:0x000044e6 x10=0x00044e60
           1598	       795	001000be	f77d	c.bnez	x14,1000ac	 x14:0x00000007
           1602	       797	001000ac	01c55793	srli	x15,x10,0x1c	 x10:0x00044e60 x15=0x00000000
           1604	       798	001000b0	00f66963	bltu	x12,x15,1000c2	 x12:0x00000009 x15:0x00000000  x0=0x00000000
           1606	       799	001000b4	03078793	addi	x15,x15,48	 x15:0x00000000 x15=0x00000030
           1610	       801	001000b8	c29c	c.sw	x15,0(x13)	 x13:0x00020000 x15:0x00000030 PA:0x00020000 store:0x00000030 load:0x00000000
           1612	       802	001000ba	177d	c.addi	x14,-1	 x14:0x00000007 x14=0x00000006
           1614	       803	001000bc	0512	c.slli	x10,0x4	 x10:0x00044e60 x10=0x0044e600
           1618	       805	001000be	f77d	c.bnez	x14,1000ac	 x14:0x00000006
           1622	       807	001000ac	01c55793	srli	x15,x10,0x1c	 x10:0x0044e600 x15=0x00000000
           1624	       808	001000b0	00f66963	bltu	x12,x15,1000c2	 x12:0x00000009 x15:0x00000000  x0=0x00000000
           1626	       809	001000b4	03078793	addi	x15,x15,48	 x15:0x00000000 x15=0x00000030
           1630	       811	001000b8	c29c	c.sw	x15,0(x13)	 x13:0x00020000 x15:0x00000030 PA:0x00020000 store:0x00000030 load:0x00000000
           1632	       812	001000ba	177d	c.addi	x14,-1	 x14:0x00000006 x14=0x00000005
           1634	       813	001000bc	0512	c.slli	x10,0x4	 x10:0x0044e600 x10=0x044e6000
           1638	       815	001000be	f77d	c.bnez	x14,1000ac	 x14:0x00000005
           1642	       817	001000ac	01c55793	srli	x15,x10,0x1c	 x10:0x044e6000 x15=0x00000000
           1644	       818	001000b0	00f66963	bltu	x12,x15,1000c2	 x12:0x00000009 x15:0x00000000  x0=0x00000000
           1646	       819	001000b4	03078793	addi	x15,x15,48	 x15:0x00000000 x15=0x00000030
           1650	       821	001000b8	c29c	c.sw	x15,0(x13)	 x13:0x00020000 x15:0x00000030 PA:0x00020000 store:0x00000030 load:0x00000000
           1652	       822	001000ba	177d	c.addi	x14,-1	 x14:0x00000005 x14=0x00000004
           1654	       823	001000bc	0512	c.slli	x10,0x4	 x10:0x044e6000 x10=0x44e60000
           1658	       825	001000be	f77d	c.bnez	x14,1000ac	 x14:0x00000004
           1662	       827	001000ac	01c55793	srli	x15,x10,0x1c	 x10:0x44e60000 x15=0x00000004
           1664	       828	001000b0	00f66963	bltu	x12,x15,1000c2	 x12:0x00000009 x15:0x00000004  x0=0x00000000
           1666	       829	001000b4	03078793	addi	x15,x15,48	 x15:0x00000004 x15=0x00000034
           1670	       831	001000b8	c29c	c.sw	x15,0(x13)	 x13:0x00020000 x15:0x00000034 PA:0x00020000 store:0x00000034 load:0x00000000
           1672	       832	001000ba	177d	c.addi	x14,-1	 x14:0x00000004 x14=0x00000003
           1674	       833	001000bc	0512	c.slli	x10,0x4	 x10:0x44e60000 x10=0x4e600000
           1678	       835	001000be	f77d	c.bnez	x14,1000ac	 x14:0x00000003
           1682	       837	001000ac	01c55793	srli	x15,x10,0x1c	 x10:0x4e600000 x15=0x00000004
           1684	       838	001000b0	00f66963	bltu	x12,x15,1000c2	 x12:0x00000009 x15:0x00000004  x0=0x00000000
           1686	       839	001000b4	03078793	addi	x15,x15,48	 x15:0x00000004 x15=0x00000034
           1690	       841	001000b8	c29c	c.sw	x15,0(x13)	 x13:0x00020000 x15:0x00000034 PA:0x00020000 store:0x00000034 load:0x00000000
           1692	       842	001000ba	177d	c.addi	x14,-1	 x14:0x00000003 x14=0x00000002
           1694	       843	001000bc	0512	c.slli	x10,0x4	 x10:0x4e600000 x10=0xe6000000
           1698	       845	001000be	f77d	c.bnez	x14,1000ac	 x14:0x00000002
           1702	       847	001000ac	01c55793	srli	x15,x10,0x1c	 x10:0xe6000000 x15=0x0000000e
           1706	       849	001000b0	00f66963	bltu	x12,x15,1000c2	 x12:0x00000009 x15:0x0000000e  x0=0x00000000
           1712	       852	001000c2	03778793	addi	x15,x15,55	 x15:0x0000000e x15=0x00000045
           1716	       854	001000c6	bfcd	c.j	1000b8	
           1720	       856	001000b8	c29c	c.sw	x15,0(x13)	 x13:0x00020000 x15:0x00000045 PA:0x00020000 store:0x00000045 load:0x00000000
           1722	       857	001000ba	177d	c.addi	x14,-1	 x14:0x00000002 x14=0x00000001
           1724	       858	001000bc	0512	c.slli	x10,0x4	 x10:0xe6000000 x10=0x60000000
           1728	       860	001000be	f77d	c.bnez	x14,1000ac	 x14:0x00000001
           1732	       862	001000ac	01c55793	srli	x15,x10,0x1c	 x10:0x60000000 x15=0x00000006
           1734	       863	001000b0	00f66963	bltu	x12,x15,1000c2	 x12:0x00000009 x15:0x00000006  x0=0x00000000
           1736	       864	001000b4	03078793	addi	x15,x15,48	 x15:0x00000006 x15=0x00000036
           1740	       866	001000b8	c29c	c.sw	x15,0(x13)	 x13:0x00020000 x15:0x00000036 PA:0x00020000 store:0x00000036 load:0x00000000
           1742	       867	001000ba	177d	c.addi	x14,-1	 x14:0x00000001 x14=0x00000000
           1744	       868	001000bc	0512	c.slli	x10,0x4	 x10:0x60000000 x10=0x00000000
           1746	       869	001000be	f77d	c.bnez	x14,1000ac	 x14:0x00000000
           1750	       871	001000c0	8082	c.jr	x1	  x1:0x00100510
           1752	       872	00100510	00000517	auipc	x10,0x0	 x10=0x00100510
           1754	       873	00100514	04850513	addi	x10,x10,72	 x10:0x00100510 x10=0x00100558
           1758	       875	00100518	3ea5	c.jal	100090	  x1=0x0010051a
           1760	       876	00100090	00020737	lui	x14,0x20	 x14=0x00020000
           1764	       878	00100094	00054783	lbu	x15,0(x10)	 x10:0x00100558 x15=0x0000000a PA:0x00100558 store:0x00000000
           1768	       880	00100098	e399	c.bnez	x15,10009e	 x15:0x0000000a
           1772	       882	0010009e	0505	c.addi	x10,1	 x10:0x00100558 x10=0x00100559
           1776	       884	001000a0	c31c	c.sw	x15,0(x14)	 x14:0x00020000 x15:0x0000000a PA:0x00020000 store:0x0000000a load:0x00000000
           1780	       886	001000a2	bfcd	c.j	100094	
           1784	       888	00100094	00054783	lbu	x15,0(x10)	 x10:0x00100559 x15=0x00000000 PA:0x00100559 store:0x00000000
           1786	       889	00100098	e399	c.bnez	x15,10009e	 x15:0x00000000
           1788	       890	0010009a	4501	c.li	x10,0	 x10=0x00000000
           1792	       892	0010009c	8082	c.jr	x1	  x1:0x0010051a
           1796	       894	0010051a	00648793	addi	x15,x9,6	  x9:0x80000000 x15=0x80000006
           1802	       897	0010051e	c01c	c.sw	x15,0(x8)	  x8:0x00040000 x15:0x80000006 PA:0x00040000 store:0x80000006 load:0x000044e6
           1806	       899	00100520	4008	c.lw	x10,0(x8)	  x8:0x00040000 x10=0x000044e6 PA:0x00040000 store:0x00000000
           1808	       900	00100522	049d	c.addi	x9,7	  x9:0x80000000  x9=0x80000007
           1812	       902	00100524	3641	c.jal	1000a4	  x1=0x00100526
           1814	       903	001000a4	4721	c.li	x14,8	 x14=0x00000008
           1816	       904	001000a6	4625	c.li	x12,9	 x12=0x00000009
           1818	       905	001000a8	000206b7	lui	x13,0x20	 x13=0x00020000
           1820	       906	001000ac	01c55793	srli	x15,x10,0x1c	 x10:0x000044e6 x15=0x00000000
           1822	       907	001000b0	00f66963	bltu	x12,x15,1000c2	 x12:0x00000009 x15:0x00000000  x0=0x00000000
           1824	       908	001000b4	03078793	addi	x15,x15,48	 x15:0x00000000 x15=0x00000030
           1828	       910	001000b8	c29c	c.sw	x15,0(x13)	 x13:0x00020000 x15:0x00000030 PA:0x00020000 store:0x00000030 load:0x00000000
           1830	       911	001000ba	177d	c.addi	x14,-1	 x14:0x00000008 x14=0x00000007
           1832	       912	001000bc	0512	c.slli	x10,0x4	 x10:0x000044e6 x10=0x00044e60
           1836	       914	001000be	f77d	c.bnez	x14,1000ac	 x14:0x00000007
           1840	       916	001000ac	01c55793	srli	x15,x10,0x1c	 x10:0x00044e60 x15=0x00000000
           1842	       917	001000b0	00f66963	bltu	x12,x15,1000c2	 x12:0x00000009 x15:0x00000000  x0=0x00000000
           1844	       918	001000b4	03078793	addi	x15,x15,48	 x15:0x00000000 x15=0x00000030
           1848	       920	001000b8	c29c	c.sw	x15,0(x13)	 x13:0x00020000 x15:0x00000030 PA:0x00020000 store:0x00000030 load:0x00000000
           1850	       921	001000ba	177d	c.addi	x14,-1	 x14:0x00000007 x14=0x00000006
           1852	       922	001000bc	0512	c.slli	x10,0x4	 x10:0x00044e60 x10=0x0044e600
           1856	       924	001000be	f77d	c.bnez	x14,1000ac	 x14:0x00000006
           1860	       926	001000ac	01c55793	srli	x15,x10,0x1c	 x10:0x0044e600 x15=0x00000000
           1862	       927	001000b0	00f66963	bltu	x12,x15,1000c2	 x12:0x00000009 x15:0x00000000  x0=0x00000000
           1864	       928	001000b4	03078793	addi	x15,x15,48	 x15:0x00000000 x15=0x00000030
           1868	       930	001000b8	c29c	c.sw	x15,0(x13)	 x13:0x00020000 x15:0x00000030 PA:0x00020000 store:0x00000030 load:0x00000000
           1870	       931	001000ba	177d	c.addi	x14,-1	 x14:0x00000006 x14=0x00000005
           1872	       932	001000bc	0512	c.slli	x10,0x4	 x10:0x0044e600 x10=0x044e6000
           1876	       934	001000be	f77d	c.bnez	x14,1000ac	 x14:0x00000005
           1880	       936	001000ac	01c55793	srli	x15,x10,0x1c	 x10:0x044e6000 x15=0x00000000
           1882	       937	001000b0	00f66963	bltu	x12,x15,1000c2	 x12:0x00000009 x15:0x00000000  x0=0x00000000
           1884	       938	001000b4	03078793	addi	x15,x15,48	 x15:0x00000000 x15=0x00000030
           1888	       940	001000b8	c29c	c.sw	x15,0(x13)	 x13:0x00020000 x15:0x00000030 PA:0x00020000 store:0x00000030 load:0x00000000
           1890	       941	001000ba	177d	c.addi	x14,-1	 x14:0x00000005 x14=0x00000004
           1892	       942	001000bc	0512	c.slli	x10,0x4	 x10:0x044e6000 x10=0x44e60000
           1896	       944	001000be	f77d	c.bnez	x14,1000ac	 x14:0x00000004
           1900	       946	001000ac	01c55793	srli	x15,x10,0x1c	 x10:0x44e60000 x15=0x00000004
           1902	       947	001000b0	00f66963	bltu	x12,x15,1000c2	 x12:0x00000009 x15:0x00000004  x0=0x00000000
           1904	       948	001000b4	03078793	addi	x15,x15,48	 x15:0x00000004 x15=0x00000034
           1908	       950	001000b8	c29c	c.sw	x15,0(x13)	 x13:0x00020000 x15:0x00000034 PA:0x00020000 store:0x00000034 load:0x00000000
           1910	       951	001000ba	177d	c.addi	x14,-1	 x14:0x00000004 x14=0x00000003
           1912	       952	001000bc	0512	c.slli	x10,0x4	 x10:0x44e60000 x10=0x4e600000
           1916	       954	001000be	f77d	c.bnez	x14,1000ac	 x14:0x00000003
           1920	       956	001000ac	01c55793	srli	x15,x10,0x1c	 x10:0x4e600000 x15=0x00000004
           1922	       957	001000b0	00f66963	bltu	x12,x15,1000c2	 x12:0x00000009 x15:0x00000004  x0=0x00000000
           1924	       958	001000b4	03078793	addi	x15,x15,48	 x15:0x00000004 x15=0x00000034
           1928	       960	001000b8	c29c	c.sw	x15,0(x13)	 x13:0x00020000 x15:0x00000034 PA:0x00020000 store:0x00000034 load:0x00000000
           1930	       961	001000ba	177d	c.addi	x14,-1	 x14:0x00000003 x14=0x00000002
           1932	       962	001000bc	0512	c.slli	x10,0x4	 x10:0x4e600000 x10=0xe6000000
           1936	       964	001000be	f77d	c.bnez	x14,1000ac	 x14:0x00000002
           1940	       966	001000ac	01c55793	srli	x15,x10,0x1c	 x10:0xe6000000 x15=0x0000000e
           1944	       968	001000b0	00f66963	bltu	x12,x15,1000c2	 x12:0x00000009 x15:0x0000000e  x0=0x00000000
           1950	       971	001000c2	03778793	addi	x15,x15,55	 x15:0x0000000e x15=0x00000045
           1954	       973	001000c6	bfcd	c.j	1000b8	
           1958	       975	001000b8	c29c	c.sw	x15,0(x13)	 x13:0x00020000 x15:0x00000045 PA:0x00020000 store:0x00000045 load:0x00000000
           1960	       976	001000ba	177d	c.addi	x14,-1	 x14:0x00000002 x14=0x00000001
           1962	       977	001000bc	0512	c.slli	x10,0x4	 x10:0xe6000000 x10=0x60000000
           1966	       979	001000be	f77d	c.bnez	x14,1000ac	 x14:0x00000001
           1970	       981	001000ac	01c55793	srli	x15,x10,0x1c	 x10:0x60000000 x15=0x00000006
           1972	       982	001000b0	00f66963	bltu	x12,x15,1000c2	 x12:0x00000009 x15:0x00000006  x0=0x00000000
           1974	       983	001000b4	03078793	addi	x15,x15,48	 x15:0x00000006 x15=0x00000036
           1978	       985	001000b8	c29c	c.sw	x15,0(x13)	 x13:0x00020000 x15:0x00000036 PA:0x00020000 store:0x00000036 load:0x00000000
           1980	       986	001000ba	177d	c.addi	x14,-1	 x14:0x00000001 x14=0x00000000
           1982	       987	001000bc	0512	c.slli	x10,0x4	 x10:0x60000000 x10=0x00000000
           1984	       988	001000be	f77d	c.bnez	x14,1000ac	 x14:0x00000000
           1988	       990	001000c0	8082	c.jr	x1	  x1:0x00100526
           1992	       992	00100526	00000517	auipc	x10,0x0	 x10=0x00100526
           1994	       993	0010052a	03250513	addi	x10,x10,50	 x10:0x00100526 x10=0x00100558
           1998	       995	0010052e	368d	c.jal	100090	  x1=0x00100530
           2000	       996	00100090	00020737	lui	x14,0x20	 x14=0x00020000
           2004	       998	00100094	00054783	lbu	x15,0(x10)	 x10:0x00100558 x15=0x0000000a PA:0x00100558 store:0x00000000
           2008	      1000	00100098	e399	c.bnez	x15,10009e	 x15:0x0000000a
           2012	      1002	0010009e	0505	c.addi	x10,1	 x10:0x00100558 x10=0x00100559
           2016	      1004	001000a0	c31c	c.sw	x15,0(x14)	 x14:0x00020000 x15:0x0000000a PA:0x00020000 store:0x0000000a load:0x00000000
           2020	      1006	001000a2	bfcd	c.j	100094	
           2024	      1008	00100094	00054783	lbu	x15,0(x10)	 x10:0x00100559 x15=0x00000000 PA:0x00100559 store:0x00000000
           2026	      1009	00100098	e399	c.bnez	x15,10009e	 x15:0x00000000
           2028	      1010	0010009a	4501	c.li	x10,0	 x10=0x00000000
           2032	      1012	0010009c	8082	c.jr	x1	  x1:0x00100530
           2038	      1015	00100530	c004	c.sw	x9,0(x8)	  x8:0x00040000  x9:0x80000007 PA:0x00040000 store:0x80000007 load:0x000044e6
           2042	      1017	00100532	4008	c.lw	x10,0(x8)	  x8:0x00040000 x10=0x000044e6 PA:0x00040000 store:0x00000000
           2046	      1019	00100534	3e85	c.jal	1000a4	  x1=0x00100536
           2048	      1020	001000a4	4721	c.li	x14,8	 x14=0x00000008
           2050	      1021	001000a6	4625	c.li	x12,9	 x12=0x00000009
           2052	      1022	001000a8	000206b7	lui	x13,0x20	 x13=0x00020000
           2054	      1023	001000ac	01c55793	srli	x15,x10,0x1c	 x10:0x000044e6 x15=0x00000000
           2056	      1024	001000b0	00f66963	bltu	x12,x15,1000c2	 x12:0x00000009 x15:0x00000000  x0=0x00000000
           2058	      1025	001000b4	03078793	addi	x15,x15,48	 x15:0x00000000 x15=0x00000030
           2062	      1027	001000b8	c29c	c.sw	x15,0(x13)	 x13:0x00020000 x15:0x00000030 PA:0x00020000 store:0x00000030 load:0x00000000
           2064	      1028	001000ba	177d	c.addi	x14,-1	 x14:0x00000008 x14=0x00000007
           2066	      1029	001000bc	0512	c.slli	x10,0x4	 x10:0x000044e6 x10=0x00044e60
           2070	      1031	001000be	f77d	c.bnez	x14,1000ac	 x14:0x00000007
           2074	      1033	001000ac	01c55793	srli	x15,x10,0x1c	 x10:0x00044e60 x15=0x00000000
           2076	      1034	001000b0	00f66963	bltu	x12,x15,1000c2	 x12:0x00000009 x15:0x00000000  x0=0x00000000
           2078	      1035	001000b4	03078793	addi	x15,x15,48	 x15:0x00000000 x15=0x00000030
           2082	      1037	001000b8	c29c	c.sw	x15,0(x13)	 x13:0x00020000 x15:0x00000030 PA:0x00020000 store:0x00000030 load:0x00000000
           2084	      1038	001000ba	177d	c.addi	x14,-1	 x14:0x00000007 x14=0x00000006
           2086	      1039	001000bc	0512	c.slli	x10,0x4	 x10:0x00044e60 x10=0x0044e600
           2090	      1041	001000be	f77d	c.bnez	x14,1000ac	 x14:0x00000006
           2094	      1043	001000ac	01c55793	srli	x15,x10,0x1c	 x10:0x0044e600 x15=0x00000000
           2096	      1044	001000b0	00f66963	bltu	x12,x15,1000c2	 x12:0x00000009 x15:0x00000000  x0=0x00000000
           2098	      1045	001000b4	03078793	addi	x15,x15,48	 x15:0x00000000 x15=0x00000030
           2102	      1047	001000b8	c29c	c.sw	x15,0(x13)	 x13:0x00020000 x15:0x00000030 PA:0x00020000 store:0x00000030 load:0x00000000
           2104	      1048	001000ba	177d	c.addi	x14,-1	 x14:0x00000006 x14=0x00000005
           2106	      1049	001000bc	0512	c.slli	x10,0x4	 x10:0x0044e600 x10=0x044e6000
           2110	      1051	001000be	f77d	c.bnez	x14,1000ac	 x14:0x00000005
           2114	      1053	001000ac	01c55793	srli	x15,x10,0x1c	 x10:0x044e6000 x15=0x00000000
           2116	      1054	001000b0	00f66963	bltu	x12,x15,1000c2	 x12:0x00000009 x15:0x00000000  x0=0x00000000
           2118	      1055	001000b4	03078793	addi	x15,x15,48	 x15:0x00000000 x15=0x00000030
           2122	      1057	001000b8	c29c	c.sw	x15,0(x13)	 x13:0x00020000 x15:0x00000030 PA:0x00020000 store:0x00000030 load:0x00000000
           2124	      1058	001000ba	177d	c.addi	x14,-1	 x14:0x00000005 x14=0x00000004
           2126	      1059	001000bc	0512	c.slli	x10,0x4	 x10:0x044e6000 x10=0x44e60000
           2130	      1061	001000be	f77d	c.bnez	x14,1000ac	 x14:0x00000004
           2134	      1063	001000ac	01c55793	srli	x15,x10,0x1c	 x10:0x44e60000 x15=0x00000004
           2136	      1064	001000b0	00f66963	bltu	x12,x15,1000c2	 x12:0x00000009 x15:0x00000004  x0=0x00000000
           2138	      1065	001000b4	03078793	addi	x15,x15,48	 x15:0x00000004 x15=0x00000034
           2142	      1067	001000b8	c29c	c.sw	x15,0(x13)	 x13:0x00020000 x15:0x00000034 PA:0x00020000 store:0x00000034 load:0x00000000
           2144	      1068	001000ba	177d	c.addi	x14,-1	 x14:0x00000004 x14=0x00000003
           2146	      1069	001000bc	0512	c.slli	x10,0x4	 x10:0x44e60000 x10=0x4e600000
           2150	      1071	001000be	f77d	c.bnez	x14,1000ac	 x14:0x00000003
           2154	      1073	001000ac	01c55793	srli	x15,x10,0x1c	 x10:0x4e600000 x15=0x00000004
           2156	      1074	001000b0	00f66963	bltu	x12,x15,1000c2	 x12:0x00000009 x15:0x00000004  x0=0x00000000
           2158	      1075	001000b4	03078793	addi	x15,x15,48	 x15:0x00000004 x15=0x00000034
           2162	      1077	001000b8	c29c	c.sw	x15,0(x13)	 x13:0x00020000 x15:0x00000034 PA:0x00020000 store:0x00000034 load:0x00000000
           2164	      1078	001000ba	177d	c.addi	x14,-1	 x14:0x00000003 x14=0x00000002
           2166	      1079	001000bc	0512	c.slli	x10,0x4	 x10:0x4e600000 x10=0xe6000000
           2170	      1081	001000be	f77d	c.bnez	x14,1000ac	 x14:0x00000002
           2174	      1083	001000ac	01c55793	srli	x15,x10,0x1c	 x10:0xe6000000 x15=0x0000000e
           2178	      1085	001000b0	00f66963	bltu	x12,x15,1000c2	 x12:0x00000009 x15:0x0000000e  x0=0x00000000
           2184	      1088	001000c2	03778793	addi	x15,x15,55	 x15:0x0000000e x15=0x00000045
           2188	      1090	001000c6	bfcd	c.j	1000b8	
           2192	      1092	001000b8	c29c	c.sw	x15,0(x13)	 x13:0x00020000 x15:0x00000045 PA:0x00020000 store:0x00000045 load:0x00000000
           2194	      1093	001000ba	177d	c.addi	x14,-1	 x14:0x00000002 x14=0x00000001
           2196	      1094	001000bc	0512	c.slli	x10,0x4	 x10:0xe6000000 x10=0x60000000
           2200	      1096	001000be	f77d	c.bnez	x14,1000ac	 x14:0x00000001
           2204	      1098	001000ac	01c55793	srli	x15,x10,0x1c	 x10:0x60000000 x15=0x00000006
           2206	      1099	001000b0	00f66963	bltu	x12,x15,1000c2	 x12:0x00000009 x15:0x00000006  x0=0x00000000
           2208	      1100	001000b4	03078793	addi	x15,x15,48	 x15:0x00000006 x15=0x00000036
           2212	      1102	001000b8	c29c	c.sw	x15,0(x13)	 x13:0x00020000 x15:0x00000036 PA:0x00020000 store:0x00000036 load:0x00000000
           2214	      1103	001000ba	177d	c.addi	x14,-1	 x14:0x00000001 x14=0x00000000
           2216	      1104	001000bc	0512	c.slli	x10,0x4	 x10:0x60000000 x10=0x00000000
           2218	      1105	001000be	f77d	c.bnez	x14,1000ac	 x14:0x00000000
           2222	      1107	001000c0	8082	c.jr	x1	  x1:0x00100536
           2226	      1109	00100536	00000517	auipc	x10,0x0	 x10=0x00100536
           2228	      1110	0010053a	02250513	addi	x10,x10,34	 x10:0x00100536 x10=0x00100558
           2232	      1112	0010053e	3e89	c.jal	100090	  x1=0x00100540
           2234	      1113	00100090	00020737	lui	x14,0x20	 x14=0x00020000
           2238	      1115	00100094	00054783	lbu	x15,0(x10)	 x10:0x00100558 x15=0x0000000a PA:0x00100558 store:0x00000000
           2242	      1117	00100098	e399	c.bnez	x15,10009e	 x15:0x0000000a
           2246	      1119	0010009e	0505	c.addi	x10,1	 x10:0x00100558 x10=0x00100559
           2250	      1121	001000a0	c31c	c.sw	x15,0(x14)	 x14:0x00020000 x15:0x0000000a PA:0x00020000 store:0x0000000a load:0x00000000
           2254	      1123	001000a2	bfcd	c.j	100094	
           2258	      1125	00100094	00054783	lbu	x15,0(x10)	 x10:0x00100559 x15=0x00000000 PA:0x00100559 store:0x00000000
           2260	      1126	00100098	e399	c.bnez	x15,10009e	 x15:0x00000000
           2262	      1127	0010009a	4501	c.li	x10,0	 x10=0x00000000
           2266	      1129	0010009c	8082	c.jr	x1	  x1:0x00100540
           2270	      1131	00100540	40b2	c.lwsp	x1,12(x2)	  x2:0x001ffff0  x1=0x001003c6 PA:0x001ffffc store:0x00000009
           2274	      1133	00100542	4422	c.lwsp	x8,8(x2)	  x2:0x001ffff0  x8=0x00000000 PA:0x001ffff8 store:0x00040000
           2278	      1135	00100544	4492	c.lwsp	x9,4(x2)	  x2:0x001ffff0  x9=0x00000000 PA:0x001ffff4 store:0x00000000
           2280	      1136	00100546	4501	c.li	x10,0	 x10=0x00000000
           2282	      1137	00100548	0141	c.addi	x2,16	  x2:0x001ffff0  x2=0x00200000
           2286	      1139	0010054a	8082	c.jr	x1	  x1:0x001003c6
           2290	      1141	001003c6	000202b7	lui	x5,0x20	  x5=0x00020000
           2292	      1142	001003ca	02a1	c.addi	x5,8	  x5:0x00020000  x5=0x00020008
           2294	      1143	001003cc	4305	c.li	x6,1	  x6=0x00000001
           2298	      1145	001003ce	0062a023	sw	x6,0(x5)	  x5:0x00020008  x6:0x00000001 PA:0x00020008 store:0x00000001 load:0x00000000
